<?xml version="1.0" encoding="UTF-8"?>
<!-- Generated by org.testng.reporters.JUnitReportReporter -->
<testsuite skipped="0" hostname="LAPTOP-HBA8HSE4" name="TestNG.FirstTestNG" tests="1" failures="0" timestamp="18 May 2019 11:03:59 GMT" time="16.687" errors="0">
  <testcase name="Hover" time="16.687" classname="TestNG.FirstTestNG"/>
</testsuite> <!-- TestNG.FirstTestNG -->
